<?xml version="1.0" encoding="UTF-8"?>
<!-- Generated by org.testng.reporters.JUnitReportReporter -->
<testsuite hostname="LAPTOP-PERSONAL" failures="0" tests="1" name="runner.RunProject" time="13.927" errors="0" timestamp="25 Oct 2023 04:56:23 GMT" skipped="0">
  <testcase classname="runner.RunProject" name="runScenario" time="13.927"/>
</testsuite> <!-- runner.RunProject -->
