<?xml version="1.0" encoding="UTF-8"?>
<!-- Generated by org.testng.reporters.JUnitReportReporter -->
<testsuite hostname="LAPTOP-PERSONAL" failures="0" tests="1" name="runner.RunProject" time="16.751" errors="0" timestamp="05 Oct 2023 15:11:41 GMT" skipped="0">
  <testcase classname="runner.RunProject" name="runScenario" time="16.751"/>
</testsuite> <!-- runner.RunProject -->
